<Particle TPVersion="1.0">
    <TextureList Name0="ParticleSource.pi" />
    <Emiter Name="Dimond" Data="0.100,15,1,100,770,771,7,6.00,-540.00,0.00,1,0.40" Texture="ParticleSource">
        <InitPolicy Type="cPrtLifeInitrSetLife" Data="2.00,0.50,1" />
        <InitPolicy Type="cPrtColorInitrSetColor" Data="1.00000,1.00000,1.00000,1.00000" />
        <InitPolicy Type="cPrtSizeInitSetSize" Data="100.00,100.00" />
        <ActPolicy Type="cPrtLifeActDyingByGameTime" />
        <ActPolicy Type="cPrtTextureActDynamicTexture" Data="Dimond," />
        <ActPolicy Type="cPrtVelocityActAcceleration" Data="572.00000" />
        <ActPolicy Type="cPrtVelocityActDircctionChange" Data="0.000,0.800,0.000,0.000,14.000,0.000,1" />
    </Emiter>
    <Emiter Name="Coin" Data="0.100,30,1,100,770,771,7,6.00,-748.00,0.00,1,0.40" Texture="ParticleSource">
        <InitPolicy Type="cPrtLifeInitrSetLife" Data="2.00,0.50,1" />
        <InitPolicy Type="cPrtColorInitrSetColor" Data="1.00000,1.00000,1.00000,1.00000" />
        <InitPolicy Type="cPrtSizeInitSetSize" Data="200.00,200.00" />
        <ActPolicy Type="cPrtLifeActDyingByGameTime" />
        <ActPolicy Type="cPrtTextureActDynamicTexture" Data="Coin," />
        <ActPolicy Type="cPrtVelocityActAcceleration" Data="572.00000" />
        <ActPolicy Type="cPrtVelocityActDircctionChange" Data="0.000,0.800,0.000,0.000,14.000,0.000,1" />
    </Emiter>
</Particle>
